<?xml version="1.0" encoding="UTF-8"?>
<!-- Generated by org.testng.reporters.JUnitReportReporter -->
<testsuite hostname="LAPTOP-UN0G5FL5" failures="0" tests="2" name="endproject.Assignment005" time="7.938" errors="0" timestamp="2023-11-10T16:01:41 IST" skipped="0">
  <testcase classname="endproject.Assignment005" name="assignment005FindByStatus" time="5.125"/>
  <system-out/>
  <testcase classname="endproject.Assignment005" name="assignment006Logout" time="2.813"/>
  <system-out/>
</testsuite> <!-- endproject.Assignment005 -->
