<?xml version="1.0" encoding="UTF-8"?>
<!-- Generated by org.testng.reporters.JUnitReportReporter -->
<testsuite hostname="LAPTOP-UN0G5FL5" failures="0" tests="3" name="endproject.Assignment001" time="7.012" errors="0" timestamp="2023-11-10T12:16:30 IST" skipped="0">
  <testcase classname="endproject.Assignment001" name="assignment001Post" time="4.095"/>
  <system-out/>
  <testcase classname="endproject.Assignment001" name="assignment001Get" time="1.498"/>
  <system-out/>
  <testcase classname="endproject.Assignment001" name="assignment001Delete" time="1.419"/>
  <system-out/>
</testsuite> <!-- endproject.Assignment001 -->
