<?xml version="1.0" encoding="UTF-8"?>
<!-- Generated by org.testng.reporters.JUnitReportReporter -->
<testsuite hostname="LAPTOP-UN0G5FL5" failures="0" tests="2" name="endproject.Assignment002" time="5.410" errors="0" timestamp="2023-11-10T12:22:02 IST" skipped="0">
  <testcase classname="endproject.Assignment002" name="assignment002Post" time="3.985"/>
  <system-out/>
  <testcase classname="endproject.Assignment002" name="assignment002Put" time="1.425"/>
  <system-out/>
</testsuite> <!-- endproject.Assignment002 -->
